#-----------------------------------------------------------
# Vivado v2017.4 (64-bit)
# SW Build 2086221 on Fri Dec 15 20:55:39 MST 2017
# IP Build 2085800 on Fri Dec 15 22:25:07 MST 2017
# Start of session at: Tue May 25 12:41:01 2021
# Process ID: 4200
# Current directory: D:/OneDrive/VivadoProj/EE332/flappy_bird
# Command line: vivado.exe -gui_launcher_event rodinguilauncherevent6000 D:\OneDrive\VivadoProj\EE332\flappy_bird\flappy_bird.xpr
# Log file: D:/OneDrive/VivadoProj/EE332/flappy_bird/vivado.log
# Journal file: D:/OneDrive/VivadoProj/EE332/flappy_bird\vivado.jou
#-----------------------------------------------------------
start_gui
open_project D:/OneDrive/VivadoProj/EE332/flappy_bird/flappy_bird.xpr
Scanning sources...
Finished scanning sources
INFO: [IP_Flow 19-234] Refreshing IP repositories
INFO: [IP_Flow 19-1704] No user IP repositories specified
INFO: [IP_Flow 19-2313] Loaded Vivado IP repository 'E:/Xilinx/Vivado/2017.4/data/ip'.
update_compile_order -fileset sources_1
reset_run synth_1
launch_runs impl_1 -to_step write_bitstream -jobs 16
[Tue May 25 12:42:58 2021] Launched synth_1...
Run output will be captured here: D:/OneDrive/VivadoProj/EE332/flappy_bird/flappy_bird.runs/synth_1/runme.log
[Tue May 25 12:42:58 2021] Launched impl_1...
Run output will be captured here: D:/OneDrive/VivadoProj/EE332/flappy_bird/flappy_bird.runs/impl_1/runme.log
open_hw
connect_hw_server
INFO: [Labtools 27-2285] Connecting to hw_server url TCP:localhost:3121
INFO: [Labtools 27-2222] Launching hw_server...
INFO: [Labtools 27-2221] Launch Output:

****** Xilinx hw_server v2017.4
  **** Build date : Dec 15 2017-21:08:27
    ** Copyright 1986-2017 Xilinx, Inc. All Rights Reserved.


connect_hw_server: Time (s): cpu = 00:00:00 ; elapsed = 00:00:09 . Memory (MB): peak = 945.949 ; gain = 0.000
open_hw_target
INFO: [Labtoolstcl 44-466] Opening hw_target localhost:3121/xilinx_tcf/Digilent/210292A400A5A
set_property PROGRAM.FILE {D:/OneDrive/VivadoProj/EE332/flappy_bird/flappy_bird.runs/impl_1/VGA.bit} [get_hw_devices xc7a100t_0]
current_hw_device [get_hw_devices xc7a100t_0]
refresh_hw_device -update_hw_probes false [lindex [get_hw_devices xc7a100t_0] 0]
INFO: [Labtools 27-1434] Device xc7a100t (JTAG device index = 0) is programmed with a design that has no supported debug core(s) in it.
WARNING: [Labtools 27-3361] The debug hub core was not detected.
Resolution: 
1. Make sure the clock connected to the debug hub (dbg_hub) core is a free running clock and is active.
2. Make sure the BSCAN_SWITCH_USER_MASK device property in Vivado Hardware Manager reflects the user scan chain setting in the design and refresh the device.  To determine the user scan chain setting in the design, open the implemented design and use 'get_property C_USER_SCAN_CHAIN [get_debug_cores dbg_hub]'.
For more details on setting the scan chain property, consult the Vivado Debug and Programming User Guide (UG908).
set_property PROBES.FILE {} [get_hw_devices xc7a100t_0]
set_property FULL_PROBES.FILE {} [get_hw_devices xc7a100t_0]
set_property PROGRAM.FILE {D:/OneDrive/VivadoProj/EE332/flappy_bird/flappy_bird.runs/impl_1/VGA.bit} [get_hw_devices xc7a100t_0]
program_hw_devices [get_hw_devices xc7a100t_0]
INFO: [Labtools 27-3164] End of startup status: HIGH
refresh_hw_device [lindex [get_hw_devices xc7a100t_0] 0]
INFO: [Labtools 27-1434] Device xc7a100t (JTAG device index = 0) is programmed with a design that has no supported debug core(s) in it.
WARNING: [Labtools 27-3361] The debug hub core was not detected.
Resolution: 
1. Make sure the clock connected to the debug hub (dbg_hub) core is a free running clock and is active.
2. Make sure the BSCAN_SWITCH_USER_MASK device property in Vivado Hardware Manager reflects the user scan chain setting in the design and refresh the device.  To determine the user scan chain setting in the design, open the implemented design and use 'get_property C_USER_SCAN_CHAIN [get_debug_cores dbg_hub]'.
For more details on setting the scan chain property, consult the Vivado Debug and Programming User Guide (UG908).
close_hw
add_files -norecurse {D:/OneDrive/VivadoProj/EE332/flappy_bird/flappy_bird.srcs/sources_1/new/hex7seg.vhd D:/OneDrive/VivadoProj/EE332/flappy_bird/flappy_bird.srcs/sources_1/new/anode.vhd}
update_compile_order -fileset sources_1
update_compile_order -fileset sources_1
update_compile_order -fileset sources_1
update_compile_order -fileset sources_1
update_compile_order -fileset sources_1
update_compile_order -fileset sources_1
update_compile_order -fileset sources_1
update_compile_order -fileset sources_1
reset_run synth_1
launch_runs impl_1 -to_step write_bitstream -jobs 16
[Tue May 25 13:18:55 2021] Launched synth_1...
Run output will be captured here: D:/OneDrive/VivadoProj/EE332/flappy_bird/flappy_bird.runs/synth_1/runme.log
[Tue May 25 13:18:55 2021] Launched impl_1...
Run output will be captured here: D:/OneDrive/VivadoProj/EE332/flappy_bird/flappy_bird.runs/impl_1/runme.log
reset_run synth_1
launch_runs impl_1 -to_step write_bitstream -jobs 16
[Tue May 25 13:22:35 2021] Launched synth_1...
Run output will be captured here: D:/OneDrive/VivadoProj/EE332/flappy_bird/flappy_bird.runs/synth_1/runme.log
[Tue May 25 13:22:35 2021] Launched impl_1...
Run output will be captured here: D:/OneDrive/VivadoProj/EE332/flappy_bird/flappy_bird.runs/impl_1/runme.log
open_hw
connect_hw_server
INFO: [Labtools 27-2285] Connecting to hw_server url TCP:localhost:3121
INFO: [Labtools 27-2222] Launching hw_server...
INFO: [Labtools 27-2221] Launch Output:

****** Xilinx hw_server v2017.4
  **** Build date : Dec 15 2017-21:08:27
    ** Copyright 1986-2017 Xilinx, Inc. All Rights Reserved.


connect_hw_server: Time (s): cpu = 00:00:00 ; elapsed = 00:00:08 . Memory (MB): peak = 1576.090 ; gain = 0.000
open_hw_target
INFO: [Labtoolstcl 44-466] Opening hw_target localhost:3121/xilinx_tcf/Digilent/210292A400A5A
set_property PROGRAM.FILE {D:/OneDrive/VivadoProj/EE332/flappy_bird/flappy_bird.runs/impl_1/VGA.bit} [get_hw_devices xc7a100t_0]
current_hw_device [get_hw_devices xc7a100t_0]
refresh_hw_device -update_hw_probes false [lindex [get_hw_devices xc7a100t_0] 0]
INFO: [Labtools 27-1434] Device xc7a100t (JTAG device index = 0) is programmed with a design that has no supported debug core(s) in it.
WARNING: [Labtools 27-3361] The debug hub core was not detected.
Resolution: 
1. Make sure the clock connected to the debug hub (dbg_hub) core is a free running clock and is active.
2. Make sure the BSCAN_SWITCH_USER_MASK device property in Vivado Hardware Manager reflects the user scan chain setting in the design and refresh the device.  To determine the user scan chain setting in the design, open the implemented design and use 'get_property C_USER_SCAN_CHAIN [get_debug_cores dbg_hub]'.
For more details on setting the scan chain property, consult the Vivado Debug and Programming User Guide (UG908).
set_property PROBES.FILE {} [get_hw_devices xc7a100t_0]
set_property FULL_PROBES.FILE {} [get_hw_devices xc7a100t_0]
set_property PROGRAM.FILE {D:/OneDrive/VivadoProj/EE332/flappy_bird/flappy_bird.runs/impl_1/VGA.bit} [get_hw_devices xc7a100t_0]
program_hw_devices [get_hw_devices xc7a100t_0]
INFO: [Labtools 27-3164] End of startup status: HIGH
refresh_hw_device [lindex [get_hw_devices xc7a100t_0] 0]
INFO: [Labtools 27-1434] Device xc7a100t (JTAG device index = 0) is programmed with a design that has no supported debug core(s) in it.
WARNING: [Labtools 27-3361] The debug hub core was not detected.
Resolution: 
1. Make sure the clock connected to the debug hub (dbg_hub) core is a free running clock and is active.
2. Make sure the BSCAN_SWITCH_USER_MASK device property in Vivado Hardware Manager reflects the user scan chain setting in the design and refresh the device.  To determine the user scan chain setting in the design, open the implemented design and use 'get_property C_USER_SCAN_CHAIN [get_debug_cores dbg_hub]'.
For more details on setting the scan chain property, consult the Vivado Debug and Programming User Guide (UG908).
reset_run synth_1
launch_runs impl_1 -to_step write_bitstream -jobs 16
[Tue May 25 13:28:25 2021] Launched synth_1...
Run output will be captured here: D:/OneDrive/VivadoProj/EE332/flappy_bird/flappy_bird.runs/synth_1/runme.log
[Tue May 25 13:28:25 2021] Launched impl_1...
Run output will be captured here: D:/OneDrive/VivadoProj/EE332/flappy_bird/flappy_bird.runs/impl_1/runme.log
close_hw
open_hw
connect_hw_server
INFO: [Labtools 27-2285] Connecting to hw_server url TCP:localhost:3121
open_hw_target
INFO: [Labtoolstcl 44-466] Opening hw_target localhost:3121/xilinx_tcf/Digilent/210292A400A5A
current_hw_device [get_hw_devices xc7a100t_0]
refresh_hw_device -update_hw_probes false [lindex [get_hw_devices xc7a100t_0] 0]
INFO: [Labtools 27-1434] Device xc7a100t (JTAG device index = 0) is programmed with a design that has no supported debug core(s) in it.
WARNING: [Labtools 27-3361] The debug hub core was not detected.
Resolution: 
1. Make sure the clock connected to the debug hub (dbg_hub) core is a free running clock and is active.
2. Make sure the BSCAN_SWITCH_USER_MASK device property in Vivado Hardware Manager reflects the user scan chain setting in the design and refresh the device.  To determine the user scan chain setting in the design, open the implemented design and use 'get_property C_USER_SCAN_CHAIN [get_debug_cores dbg_hub]'.
For more details on setting the scan chain property, consult the Vivado Debug and Programming User Guide (UG908).
set_property PROBES.FILE {} [get_hw_devices xc7a100t_0]
set_property FULL_PROBES.FILE {} [get_hw_devices xc7a100t_0]
set_property PROGRAM.FILE {D:/OneDrive/VivadoProj/EE332/flappy_bird/flappy_bird.runs/impl_1/VGA.bit} [get_hw_devices xc7a100t_0]
program_hw_devices [get_hw_devices xc7a100t_0]
INFO: [Labtools 27-3164] End of startup status: HIGH
refresh_hw_device [lindex [get_hw_devices xc7a100t_0] 0]
INFO: [Labtools 27-1434] Device xc7a100t (JTAG device index = 0) is programmed with a design that has no supported debug core(s) in it.
WARNING: [Labtools 27-3361] The debug hub core was not detected.
Resolution: 
1. Make sure the clock connected to the debug hub (dbg_hub) core is a free running clock and is active.
2. Make sure the BSCAN_SWITCH_USER_MASK device property in Vivado Hardware Manager reflects the user scan chain setting in the design and refresh the device.  To determine the user scan chain setting in the design, open the implemented design and use 'get_property C_USER_SCAN_CHAIN [get_debug_cores dbg_hub]'.
For more details on setting the scan chain property, consult the Vivado Debug and Programming User Guide (UG908).
close_hw
reset_run synth_1
launch_runs impl_1 -to_step write_bitstream -jobs 16
[Tue May 25 17:13:51 2021] Launched synth_1...
Run output will be captured here: D:/OneDrive/VivadoProj/EE332/flappy_bird/flappy_bird.runs/synth_1/runme.log
[Tue May 25 17:13:51 2021] Launched impl_1...
Run output will be captured here: D:/OneDrive/VivadoProj/EE332/flappy_bird/flappy_bird.runs/impl_1/runme.log
reset_run synth_1
launch_runs impl_1 -to_step write_bitstream -jobs 16
[Tue May 25 17:23:55 2021] Launched synth_1...
Run output will be captured here: D:/OneDrive/VivadoProj/EE332/flappy_bird/flappy_bird.runs/synth_1/runme.log
[Tue May 25 17:23:55 2021] Launched impl_1...
Run output will be captured here: D:/OneDrive/VivadoProj/EE332/flappy_bird/flappy_bird.runs/impl_1/runme.log
reset_run synth_1
launch_runs impl_1 -to_step write_bitstream -jobs 16
[Tue May 25 17:25:54 2021] Launched synth_1...
Run output will be captured here: D:/OneDrive/VivadoProj/EE332/flappy_bird/flappy_bird.runs/synth_1/runme.log
[Tue May 25 17:25:54 2021] Launched impl_1...
Run output will be captured here: D:/OneDrive/VivadoProj/EE332/flappy_bird/flappy_bird.runs/impl_1/runme.log
reset_run synth_1
launch_runs impl_1 -to_step write_bitstream -jobs 16
[Tue May 25 17:35:38 2021] Launched synth_1...
Run output will be captured here: D:/OneDrive/VivadoProj/EE332/flappy_bird/flappy_bird.runs/synth_1/runme.log
[Tue May 25 17:35:38 2021] Launched impl_1...
Run output will be captured here: D:/OneDrive/VivadoProj/EE332/flappy_bird/flappy_bird.runs/impl_1/runme.log
open_hw
connect_hw_server
INFO: [Labtools 27-2285] Connecting to hw_server url TCP:localhost:3121
INFO: [Labtools 27-2222] Launching hw_server...
INFO: [Labtools 27-2221] Launch Output:

****** Xilinx hw_server v2017.4
  **** Build date : Dec 15 2017-21:08:27
    ** Copyright 1986-2017 Xilinx, Inc. All Rights Reserved.


connect_hw_server: Time (s): cpu = 00:00:00 ; elapsed = 00:00:08 . Memory (MB): peak = 1594.734 ; gain = 0.000
open_hw_target
INFO: [Labtoolstcl 44-466] Opening hw_target localhost:3121/xilinx_tcf/Digilent/210292A400A5A
set_property PROGRAM.FILE {D:/OneDrive/VivadoProj/EE332/flappy_bird/flappy_bird.runs/impl_1/VGA.bit} [get_hw_devices xc7a100t_0]
current_hw_device [get_hw_devices xc7a100t_0]
refresh_hw_device -update_hw_probes false [lindex [get_hw_devices xc7a100t_0] 0]
INFO: [Labtools 27-1434] Device xc7a100t (JTAG device index = 0) is programmed with a design that has no supported debug core(s) in it.
WARNING: [Labtools 27-3361] The debug hub core was not detected.
Resolution: 
1. Make sure the clock connected to the debug hub (dbg_hub) core is a free running clock and is active.
2. Make sure the BSCAN_SWITCH_USER_MASK device property in Vivado Hardware Manager reflects the user scan chain setting in the design and refresh the device.  To determine the user scan chain setting in the design, open the implemented design and use 'get_property C_USER_SCAN_CHAIN [get_debug_cores dbg_hub]'.
For more details on setting the scan chain property, consult the Vivado Debug and Programming User Guide (UG908).
set_property PROBES.FILE {} [get_hw_devices xc7a100t_0]
set_property FULL_PROBES.FILE {} [get_hw_devices xc7a100t_0]
set_property PROGRAM.FILE {D:/OneDrive/VivadoProj/EE332/flappy_bird/flappy_bird.runs/impl_1/VGA.bit} [get_hw_devices xc7a100t_0]
program_hw_devices [get_hw_devices xc7a100t_0]
INFO: [Labtools 27-3164] End of startup status: HIGH
refresh_hw_device [lindex [get_hw_devices xc7a100t_0] 0]
INFO: [Labtools 27-1434] Device xc7a100t (JTAG device index = 0) is programmed with a design that has no supported debug core(s) in it.
WARNING: [Labtools 27-3361] The debug hub core was not detected.
Resolution: 
1. Make sure the clock connected to the debug hub (dbg_hub) core is a free running clock and is active.
2. Make sure the BSCAN_SWITCH_USER_MASK device property in Vivado Hardware Manager reflects the user scan chain setting in the design and refresh the device.  To determine the user scan chain setting in the design, open the implemented design and use 'get_property C_USER_SCAN_CHAIN [get_debug_cores dbg_hub]'.
For more details on setting the scan chain property, consult the Vivado Debug and Programming User Guide (UG908).
ERROR: [Labtoolstcl 44-513] HW Target shutdown. Closing target: localhost:3121/xilinx_tcf/Digilent/210292A400A5A
close_hw
export_ip_user_files -of_objects  [get_files D:/OneDrive/VivadoProj/EE332/flappy_bird/flappy_bird.srcs/sources_1/ip/clk_wiz_100m/clk_wiz_100m.xci] -no_script -reset -force -quiet
remove_files  -fileset clk_wiz_100m D:/OneDrive/VivadoProj/EE332/flappy_bird/flappy_bird.srcs/sources_1/ip/clk_wiz_100m/clk_wiz_100m.xci
INFO: [Project 1-386] Moving file 'D:/OneDrive/VivadoProj/EE332/flappy_bird/flappy_bird.srcs/sources_1/ip/clk_wiz_100m/clk_wiz_100m.xci' from fileset 'clk_wiz_100m' to fileset 'sources_1'.
file delete -force D:/OneDrive/VivadoProj/EE332/flappy_bird/flappy_bird.srcs/sources_1/ip/clk_wiz_100m
set_property needs_refresh false [get_runs synth_1]
set_property needs_refresh false [get_runs impl_1]
exit
INFO: [Common 17-206] Exiting Vivado at Tue May 25 18:14:34 2021...
